2025-01-13 16:47:22,303 - cammer_logger - INFO - Running CAMmer
2025-01-13 16:47:22,304 - cammer_logger - INFO - ['-l', 'F.Cu,In1.Cu,In2.Cu,B.Cu,F.Paste,B.Paste,F.Silkscreen,B.Silkscreen,F.Mask,B.Mask', '-e', 'Edge.Cuts,User.Comments,User.1']
2025-01-13 16:47:22,305 - cammer_logger - INFO - CAMMER START: 2025-01-13T16:47:22.305011
2025-01-13 16:47:28,948 - cammer_logger - INFO - 
START: 2025-01-13T16:47:22.305011
Zones filled by user.
Board saved by user.
Renaming C:/Users/pc235/Documents/GitHub/SparkFun_RTK_mosaic-T/Hardware/GNSSDO_Plus/Production/SparkPNT_GNSSDO_Plus_panelized-F_Cu.gbr to C:/Users/pc235/Documents/GitHub/SparkFun_RTK_mosaic-T/Hardware/GNSSDO_Plus/Production/SparkPNT_GNSSDO_Plus_panelized.GTL
Renaming C:/Users/pc235/Documents/GitHub/SparkFun_RTK_mosaic-T/Hardware/GNSSDO_Plus/Production/SparkPNT_GNSSDO_Plus_panelized-In1_Cu.gbr to C:/Users/pc235/Documents/GitHub/SparkFun_RTK_mosaic-T/Hardware/GNSSDO_Plus/Production/SparkPNT_GNSSDO_Plus_panelized.GL2
Renaming C:/Users/pc235/Documents/GitHub/SparkFun_RTK_mosaic-T/Hardware/GNSSDO_Plus/Production/SparkPNT_GNSSDO_Plus_panelized-In2_Cu.gbr to C:/Users/pc235/Documents/GitHub/SparkFun_RTK_mosaic-T/Hardware/GNSSDO_Plus/Production/SparkPNT_GNSSDO_Plus_panelized.GL3
Renaming C:/Users/pc235/Documents/GitHub/SparkFun_RTK_mosaic-T/Hardware/GNSSDO_Plus/Production/SparkPNT_GNSSDO_Plus_panelized-B_Cu.gbr to C:/Users/pc235/Documents/GitHub/SparkFun_RTK_mosaic-T/Hardware/GNSSDO_Plus/Production/SparkPNT_GNSSDO_Plus_panelized.GBL
Renaming C:/Users/pc235/Documents/GitHub/SparkFun_RTK_mosaic-T/Hardware/GNSSDO_Plus/Production/SparkPNT_GNSSDO_Plus_panelized-F_Paste.gbr to C:/Users/pc235/Documents/GitHub/SparkFun_RTK_mosaic-T/Hardware/GNSSDO_Plus/Production/SparkPNT_GNSSDO_Plus_panelized.GTP
Renaming C:/Users/pc235/Documents/GitHub/SparkFun_RTK_mosaic-T/Hardware/GNSSDO_Plus/Production/SparkPNT_GNSSDO_Plus_panelized-B_Paste.gbr to C:/Users/pc235/Documents/GitHub/SparkFun_RTK_mosaic-T/Hardware/GNSSDO_Plus/Production/SparkPNT_GNSSDO_Plus_panelized.GBP
Renaming C:/Users/pc235/Documents/GitHub/SparkFun_RTK_mosaic-T/Hardware/GNSSDO_Plus/Production/SparkPNT_GNSSDO_Plus_panelized-F_Silkscreen.gbr to C:/Users/pc235/Documents/GitHub/SparkFun_RTK_mosaic-T/Hardware/GNSSDO_Plus/Production/SparkPNT_GNSSDO_Plus_panelized.GTO
Renaming C:/Users/pc235/Documents/GitHub/SparkFun_RTK_mosaic-T/Hardware/GNSSDO_Plus/Production/SparkPNT_GNSSDO_Plus_panelized-B_Silkscreen.gbr to C:/Users/pc235/Documents/GitHub/SparkFun_RTK_mosaic-T/Hardware/GNSSDO_Plus/Production/SparkPNT_GNSSDO_Plus_panelized.GBO
Renaming C:/Users/pc235/Documents/GitHub/SparkFun_RTK_mosaic-T/Hardware/GNSSDO_Plus/Production/SparkPNT_GNSSDO_Plus_panelized-F_Mask.gbr to C:/Users/pc235/Documents/GitHub/SparkFun_RTK_mosaic-T/Hardware/GNSSDO_Plus/Production/SparkPNT_GNSSDO_Plus_panelized.GTS
Renaming C:/Users/pc235/Documents/GitHub/SparkFun_RTK_mosaic-T/Hardware/GNSSDO_Plus/Production/SparkPNT_GNSSDO_Plus_panelized-B_Mask.gbr to C:/Users/pc235/Documents/GitHub/SparkFun_RTK_mosaic-T/Hardware/GNSSDO_Plus/Production/SparkPNT_GNSSDO_Plus_panelized.GBS
Renaming C:/Users/pc235/Documents/GitHub/SparkFun_RTK_mosaic-T/Hardware/GNSSDO_Plus/Production/SparkPNT_GNSSDO_Plus_panelized-Edge_Cuts.gbr to C:/Users/pc235/Documents/GitHub/SparkFun_RTK_mosaic-T/Hardware/GNSSDO_Plus/Production/SparkPNT_GNSSDO_Plus_panelized.GKO
Drill report: C:\Users\pc235\Documents\GitHub\SparkFun_RTK_mosaic-T\Hardware\GNSSDO_Plus\Production\drill_report.rpt

2025-01-13 16:47:30,548 - cammer_logger - INFO - CAMmer complete
